-- Found ament_cmake: 1.3.12 (/opt/ros/humble/share/ament_cmake/cmake)
-- Found rclcpp: 16.0.15 (/opt/ros/humble/share/rclcpp/cmake)
-- Found rosidl_generator_c: 3.1.7 (/opt/ros/humble/share/rosidl_generator_c/cmake)
-- Found rosidl_adapter: 3.1.7 (/opt/ros/humble/share/rosidl_adapter/cmake)
-- Found rosidl_generator_cpp: 3.1.7 (/opt/ros/humble/share/rosidl_generator_cpp/cmake)
-- Using all available rosidl_typesupport_c: rosidl_typesupport_fastrtps_c;rosidl_typesupport_introspection_c
-- Using all available rosidl_typesupport_cpp: rosidl_typesupport_fastrtps_cpp;rosidl_typesupport_introspection_cpp
-- Found rmw_implementation_cmake: 6.1.2 (/opt/ros/humble/share/rmw_implementation_cmake/cmake)
-- Found rmw_fastrtps_cpp: 6.2.8 (/opt/ros/humble/share/rmw_fastrtps_cpp/cmake)
-- Using RMW implementation 'rmw_fastrtps_cpp' as default
-- Found behaviortree_cpp: 4.9.0 (/opt/ros/humble/share/behaviortree_cpp/cmake)
-- Found sensor_msgs: 4.9.0 (/opt/ros/humble/share/sensor_msgs/cmake)
-- Found ament_lint_auto: 0.12.14 (/opt/ros/humble/share/ament_lint_auto/cmake)
-- Added test 'cppcheck' to perform static code analysis on C / C++ code
-- Configured cppcheck include dirs: $<BUILD_INTERFACE:/Adaptive_Behavior_Trees/ros_ws/src/bump_and_go/include>
-- Configured cppcheck exclude dirs and/or files: 
-- Added test 'lint_cmake' to check CMake code style
-- Added test 'uncrustify' to check C / C++ code style
-- Configured uncrustify additional arguments: 
-- Added test 'xmllint' to check XML markup files
-- Configuring done
-- Generating done
-- Build files have been written to: /Adaptive_Behavior_Trees/ros_ws/build/bump_and_go
[35m[1mConsolidate compiler generated dependencies of target bumpgo[0m
[ 25%] [32mBuilding CXX object CMakeFiles/bg_forward_node.dir/src/ControlNodes/Forward.cpp.o[0m
[ 50%] [32mBuilding CXX object CMakeFiles/bumpgo.dir/src/bump_and_go.cpp.o[0m
[01m[K/Adaptive_Behavior_Trees/ros_ws/src/bump_and_go/src/ControlNodes/Forward.cpp:1:[m[K [01;31m[Kerror: [m[Kunterminated #ifndef
    1 | #ifndef BUMP_AND_GO__FORWARD_HPP_
      | 
[01m[K/Adaptive_Behavior_Trees/ros_ws/src/bump_and_go/src/ControlNodes/Forward.cpp:19:1:[m[K [01;31m[Kerror: [m[K‘[01m[KForward[m[K’ does not name a type
   19 | [01;31m[KForward[m[K::Forward(
      | [01;31m[K^~~~~~~[m[K
[01m[K/Adaptive_Behavior_Trees/ros_ws/src/bump_and_go/src/ControlNodes/Forward.cpp:30:1:[m[K [01;31m[Kerror: [m[K‘[01m[KForward[m[K’ has not been declared
   30 | [01;31m[KForward[m[K::tick()
      | [01;31m[K^~~~~~~[m[K
[01m[K/Adaptive_Behavior_Trees/ros_ws/src/bump_and_go/src/ControlNodes/Forward.cpp:[m[K In function ‘[01m[KBT::NodeStatus bump_and_go::tick()[m[K’:
[01m[K/Adaptive_Behavior_Trees/ros_ws/src/bump_and_go/src/ControlNodes/Forward.cpp:34:5:[m[K [01;31m[Kerror: [m[K‘[01m[Kvel_pub_[m[K’ was not declared in this scope
   34 |     [01;31m[Kvel_pub_[m[K->publish(vel_msgs);
      |     [01;31m[K^~~~~~~~[m[K
[01m[K/Adaptive_Behavior_Trees/ros_ws/src/bump_and_go/src/ControlNodes/Forward.cpp:[m[K In function ‘[01m[Kvoid BT_RegisterNodesFromPlugin(BT::BehaviorTreeFactory&)[m[K’:
[01m[K/Adaptive_Behavior_Trees/ros_ws/src/bump_and_go/src/ControlNodes/Forward.cpp:44:30:[m[K [01;31m[Kerror: [m[K‘[01m[Kbr2_bt_bumpgo[m[K’ was not declared in this scope
   44 |     factory.registerNodeType<[01;31m[Kbr2_bt_bumpgo[m[K::Forward>("Forward");
      |                              [01;31m[K^~~~~~~~~~~~~[m[K
[01m[K/Adaptive_Behavior_Trees/ros_ws/src/bump_and_go/src/ControlNodes/Forward.cpp:44:13:[m[K [01;31m[Kerror: [m[Kparse error in template argument list
   44 |     factory.[01;31m[KregisterNodeType<br2_bt_bumpgo::Forward>[m[K("Forward");
      |             [01;31m[K^~~~~~~~~~~~~~~~~~~~~~~~~~~~~~~~~~~~~~~~[m[K
[01m[K/Adaptive_Behavior_Trees/ros_ws/src/bump_and_go/src/ControlNodes/Forward.cpp:44:53:[m[K [01;31m[Kerror: [m[Kno matching function for call to ‘[01m[KBT::BehaviorTreeFactory::registerNodeType<<expression error> >(const char [8])[m[K’
   44 |     [01;31m[Kfactory.registerNodeType<br2_bt_bumpgo::Forward>("Forward")[m[K;
      |     [01;31m[K~~~~~~~~~~~~~~~~~~~~~~~~~~~~~~~~~~~~~~~~~~~~~~~~^~~~~~~~~~~[m[K
In file included from [01m[K/Adaptive_Behavior_Trees/ros_ws/src/bump_and_go/src/ControlNodes/Forward.cpp:41[m[K:
[01m[K/opt/ros/humble/include/behaviortree_cpp/bt_factory.h:342:8:[m[K [01;36m[Knote: [m[Kcandidate: ‘[01m[Ktemplate<class T, class ... ExtraArgs> void BT::BehaviorTreeFactory::registerNodeType(const string&, const PortsList&, ExtraArgs ...)[m[K’
  342 |   void [01;36m[KregisterNodeType[m[K(const std::string& ID, const PortsList& ports, ExtraArgs... args)
      |        [01;36m[K^~~~~~~~~~~~~~~~[m[K
[01m[K/opt/ros/humble/include/behaviortree_cpp/bt_factory.h:342:8:[m[K [01;36m[Knote: [m[K  template argument deduction/substitution failed:
[01m[K/Adaptive_Behavior_Trees/ros_ws/src/bump_and_go/src/ControlNodes/Forward.cpp:44:53:[m[K [01;31m[Kerror: [m[Ktemplate argument 1 is invalid
   44 |     [01;31m[Kfactory.registerNodeType<br2_bt_bumpgo::Forward>("Forward")[m[K;
      |     [01;31m[K~~~~~~~~~~~~~~~~~~~~~~~~~~~~~~~~~~~~~~~~~~~~~~~~^~~~~~~~~~~[m[K
In file included from [01m[K/Adaptive_Behavior_Trees/ros_ws/src/bump_and_go/src/ControlNodes/Forward.cpp:41[m[K:
[01m[K/opt/ros/humble/include/behaviortree_cpp/bt_factory.h:378:8:[m[K [01;36m[Knote: [m[Kcandidate: ‘[01m[Ktemplate<class T, class ... ExtraArgs> void BT::BehaviorTreeFactory::registerNodeType(const string&, ExtraArgs ...)[m[K’
  378 |   void [01;36m[KregisterNodeType[m[K(const std::string& ID, ExtraArgs... args)
      |        [01;36m[K^~~~~~~~~~~~~~~~[m[K
[01m[K/opt/ros/humble/include/behaviortree_cpp/bt_factory.h:378:8:[m[K [01;36m[Knote: [m[K  template argument deduction/substitution failed:
[01m[K/Adaptive_Behavior_Trees/ros_ws/src/bump_and_go/src/ControlNodes/Forward.cpp:44:53:[m[K [01;31m[Kerror: [m[Ktemplate argument 1 is invalid
   44 |     [01;31m[Kfactory.registerNodeType<br2_bt_bumpgo::Forward>("Forward")[m[K;
      |     [01;31m[K~~~~~~~~~~~~~~~~~~~~~~~~~~~~~~~~~~~~~~~~~~~~~~~~^~~~~~~~~~~[m[K
gmake[2]: *** [CMakeFiles/bg_forward_node.dir/build.make:76: CMakeFiles/bg_forward_node.dir/src/ControlNodes/Forward.cpp.o] Error 1
gmake[1]: *** [CMakeFiles/Makefile2:139: CMakeFiles/bg_forward_node.dir/all] Error 2
gmake[1]: *** Waiting for unfinished jobs....
[ 75%] [32m[1mLinking CXX executable bumpgo[0m
[ 75%] Built target bumpgo
gmake: *** [Makefile:146: all] Error 2
