[0.019s] Invoking command in '/Adaptive_Behavior_Trees/ros_ws/build/bump_and_go': CMAKE_PREFIX_PATH=${CMAKE_PREFIX_PATH}:/opt/ros/humble /usr/bin/cmake --build /Adaptive_Behavior_Trees/ros_ws/build/bump_and_go -- -j16 -l16
[0.099s] -- Found ament_cmake: 1.3.12 (/opt/ros/humble/share/ament_cmake/cmake)
[0.221s] -- Found rclcpp: 16.0.15 (/opt/ros/humble/share/rclcpp/cmake)
[0.277s] -- Found rosidl_generator_c: 3.1.7 (/opt/ros/humble/share/rosidl_generator_c/cmake)
[0.280s] -- Found rosidl_adapter: 3.1.7 (/opt/ros/humble/share/rosidl_adapter/cmake)
[0.290s] -- Found rosidl_generator_cpp: 3.1.7 (/opt/ros/humble/share/rosidl_generator_cpp/cmake)
[0.303s] -- Using all available rosidl_typesupport_c: rosidl_typesupport_fastrtps_c;rosidl_typesupport_introspection_c
[0.318s] -- Using all available rosidl_typesupport_cpp: rosidl_typesupport_fastrtps_cpp;rosidl_typesupport_introspection_cpp
[0.360s] -- Found rmw_implementation_cmake: 6.1.2 (/opt/ros/humble/share/rmw_implementation_cmake/cmake)
[0.363s] -- Found rmw_fastrtps_cpp: 6.2.8 (/opt/ros/humble/share/rmw_fastrtps_cpp/cmake)
[0.483s] -- Using RMW implementation 'rmw_fastrtps_cpp' as default
[0.544s] -- Found behaviortree_cpp: 4.9.0 (/opt/ros/humble/share/behaviortree_cpp/cmake)
[0.548s] -- Found sensor_msgs: 4.9.0 (/opt/ros/humble/share/sensor_msgs/cmake)
[0.581s] -- Found ament_lint_auto: 0.12.14 (/opt/ros/humble/share/ament_lint_auto/cmake)
[0.653s] -- Added test 'cppcheck' to perform static code analysis on C / C++ code
[0.653s] -- Configured cppcheck include dirs: 
[0.653s] -- Configured cppcheck exclude dirs and/or files: 
[0.654s] -- Added test 'lint_cmake' to check CMake code style
[0.655s] -- Added test 'uncrustify' to check C / C++ code style
[0.655s] -- Configured uncrustify additional arguments: 
[0.656s] -- Added test 'xmllint' to check XML markup files
[0.658s] -- Configuring done
[0.673s] -- Generating done
[0.676s] -- Build files have been written to: /Adaptive_Behavior_Trees/ros_ws/build/bump_and_go
[0.704s] [35m[1mConsolidate compiler generated dependencies of target bumpgo[0m
[0.722s] [ 50%] [32mBuilding CXX object CMakeFiles/bumpgo.dir/src/bump_and_go.cpp.o[0m
[4.504s] [100%] [32m[1mLinking CXX executable bumpgo[0m
[4.696s] [100%] Built target bumpgo
[4.708s] Invoked command in '/Adaptive_Behavior_Trees/ros_ws/build/bump_and_go' returned '0': CMAKE_PREFIX_PATH=${CMAKE_PREFIX_PATH}:/opt/ros/humble /usr/bin/cmake --build /Adaptive_Behavior_Trees/ros_ws/build/bump_and_go -- -j16 -l16
[4.716s] Invoking command in '/Adaptive_Behavior_Trees/ros_ws/build/bump_and_go': CMAKE_PREFIX_PATH=${CMAKE_PREFIX_PATH}:/opt/ros/humble /usr/bin/cmake --install /Adaptive_Behavior_Trees/ros_ws/build/bump_and_go
[4.722s] -- Install configuration: ""
[4.723s] -- Installing: /Adaptive_Behavior_Trees/ros_ws/install/bump_and_go/lib/bump_and_go/bumpgo
[4.724s] -- Set runtime path of "/Adaptive_Behavior_Trees/ros_ws/install/bump_and_go/lib/bump_and_go/bumpgo" to ""
[4.724s] -- Installing: /Adaptive_Behavior_Trees/ros_ws/install/bump_and_go/share/ament_index/resource_index/package_run_dependencies/bump_and_go
[4.726s] -- Up-to-date: /Adaptive_Behavior_Trees/ros_ws/install/bump_and_go/share/ament_index/resource_index/parent_prefix_path/bump_and_go
[4.726s] -- Up-to-date: /Adaptive_Behavior_Trees/ros_ws/install/bump_and_go/share/bump_and_go/environment/ament_prefix_path.sh
[4.726s] -- Installing: /Adaptive_Behavior_Trees/ros_ws/install/bump_and_go/share/bump_and_go/environment/ament_prefix_path.dsv
[4.726s] -- Up-to-date: /Adaptive_Behavior_Trees/ros_ws/install/bump_and_go/share/bump_and_go/environment/path.sh
[4.726s] -- Installing: /Adaptive_Behavior_Trees/ros_ws/install/bump_and_go/share/bump_and_go/environment/path.dsv
[4.727s] -- Up-to-date: /Adaptive_Behavior_Trees/ros_ws/install/bump_and_go/share/bump_and_go/local_setup.bash
[4.727s] -- Up-to-date: /Adaptive_Behavior_Trees/ros_ws/install/bump_and_go/share/bump_and_go/local_setup.sh
[4.727s] -- Up-to-date: /Adaptive_Behavior_Trees/ros_ws/install/bump_and_go/share/bump_and_go/local_setup.zsh
[4.728s] -- Installing: /Adaptive_Behavior_Trees/ros_ws/install/bump_and_go/share/bump_and_go/local_setup.dsv
[4.728s] -- Installing: /Adaptive_Behavior_Trees/ros_ws/install/bump_and_go/share/bump_and_go/package.dsv
[4.728s] -- Up-to-date: /Adaptive_Behavior_Trees/ros_ws/install/bump_and_go/share/ament_index/resource_index/packages/bump_and_go
[4.728s] -- Up-to-date: /Adaptive_Behavior_Trees/ros_ws/install/bump_and_go/share/bump_and_go/cmake/bump_and_goConfig.cmake
[4.728s] -- Up-to-date: /Adaptive_Behavior_Trees/ros_ws/install/bump_and_go/share/bump_and_go/cmake/bump_and_goConfig-version.cmake
[4.728s] -- Installing: /Adaptive_Behavior_Trees/ros_ws/install/bump_and_go/share/bump_and_go/package.xml
[4.731s] Invoked command in '/Adaptive_Behavior_Trees/ros_ws/build/bump_and_go' returned '0': CMAKE_PREFIX_PATH=${CMAKE_PREFIX_PATH}:/opt/ros/humble /usr/bin/cmake --install /Adaptive_Behavior_Trees/ros_ws/build/bump_and_go
