[0.021s] Invoking command in '/Adaptive_Behavior_Trees/ros_ws/build/bump_and_go': CMAKE_PREFIX_PATH=${CMAKE_PREFIX_PATH}:/opt/ros/humble /usr/bin/cmake --build /Adaptive_Behavior_Trees/ros_ws/build/bump_and_go -- -j16 -l16
[0.118s] [35m[1mConsolidate compiler generated dependencies of target bumpgo[0m
[0.130s] [ 25%] [32mBuilding CXX object CMakeFiles/bg_forward_node.dir/src/ControlNodes/Forward.cpp.o[0m
[0.137s] [ 50%] [32mBuilding CXX object CMakeFiles/bumpgo.dir/src/bump_and_go.cpp.o[0m
[2.695s] [01m[K/Adaptive_Behavior_Trees/ros_ws/src/bump_and_go/src/bump_and_go.cpp:12:17:[m[K [01;31m[Kerror: [m[K‘[01m[Kbump_and_go[m[K’ is not a namespace-name
[2.695s]    12 | using namespace [01;31m[Kbump_and_go[m[K
[2.695s]       |                 [01;31m[K^~~~~~~~~~~[m[K
[2.695s] [01m[K/Adaptive_Behavior_Trees/ros_ws/src/bump_and_go/src/bump_and_go.cpp:12:28:[m[K [01;31m[Kerror: [m[Kexpected ‘[01m[K;[m[K’ before ‘[01m[Kint[m[K’
[2.695s]    12 | using namespace bump_and_go
[2.695s]       |                            [01;31m[K^[m[K
[2.695s]       |                            [32m[K;[m[K
[2.695s]    13 | 
[2.695s]    14 | [32m[Kint[m[K main(int argc, char *argv[])
[2.695s]       | [32m[K~~~[m[K                         
[2.699s] [01m[K/Adaptive_Behavior_Trees/ros_ws/src/bump_and_go/src/bump_and_go.cpp:[m[K In function ‘[01m[Kint main(int, char**)[m[K’:
[2.699s] [01m[K/Adaptive_Behavior_Trees/ros_ws/src/bump_and_go/src/bump_and_go.cpp:39:36:[m[K [01;31m[Kerror: [m[K‘[01m[KForward[m[K’ was not declared in this scope
[2.699s]    39 |     auto action = std::make_shared<[01;31m[KForward[m[K>("forward", config);
[2.699s]       |                                    [01;31m[K^~~~~~~[m[K
[2.699s] [01m[K/Adaptive_Behavior_Trees/ros_ws/src/bump_and_go/src/bump_and_go.cpp:39:44:[m[K [01;31m[Kerror: [m[Kno matching function for call to ‘[01m[Kmake_shared<<expression error> >(const char [8], BT::NodeConfig&)[m[K’
[2.699s]    39 |     auto action = [01;31m[Kstd::make_shared<Forward>("forward", config)[m[K;
[2.699s]       |                   [01;31m[K~~~~~~~~~~~~~~~~~~~~~~~~~^~~~~~~~~~~~~~~~~~~[m[K
[2.699s] In file included from [01m[K/usr/include/c++/11/memory:77[m[K,
[2.700s]                  from [01m[K/Adaptive_Behavior_Trees/ros_ws/src/bump_and_go/src/bump_and_go.cpp:2[m[K:
[2.700s] [01m[K/usr/include/c++/11/bits/shared_ptr.h:875:5:[m[K [01;36m[Knote: [m[Kcandidate: ‘[01m[Ktemplate<class _Tp, class ... _Args> std::shared_ptr<_Tp> std::make_shared(_Args&& ...)[m[K’
[2.700s]   875 |     [01;36m[Kmake_shared[m[K(_Args&&... __args)
[2.700s]       |     [01;36m[K^~~~~~~~~~~[m[K
[2.700s] [01m[K/usr/include/c++/11/bits/shared_ptr.h:875:5:[m[K [01;36m[Knote: [m[K  template argument deduction/substitution failed:
[2.700s] [01m[K/Adaptive_Behavior_Trees/ros_ws/src/bump_and_go/src/bump_and_go.cpp:39:44:[m[K [01;31m[Kerror: [m[Ktemplate argument 1 is invalid
[2.700s]    39 |     auto action = [01;31m[Kstd::make_shared<Forward>("forward", config)[m[K;
[2.700s]       |                   [01;31m[K~~~~~~~~~~~~~~~~~~~~~~~~~^~~~~~~~~~~~~~~~~~~[m[K
[2.700s] [01m[K/Adaptive_Behavior_Trees/ros_ws/src/bump_and_go/src/bump_and_go.cpp:50:27:[m[K [01;31m[Kerror: [m[K‘[01m[Kclass std::shared_ptr<BT::SequenceNode>[m[K’ has no member named ‘[01m[KexecuteTick[m[K’
[2.700s]    50 |         finish = root_seq.[01;31m[KexecuteTick[m[K() != BT::NodeStatus::RUNNING;
[2.700s]       |                           [01;31m[K^~~~~~~~~~~[m[K
[3.376s] In file included from [01m[K/usr/include/x86_64-linux-gnu/c++/11/bits/c++allocator.h:33[m[K,
[3.376s]                  from [01m[K/usr/include/c++/11/bits/allocator.h:46[m[K,
[3.377s]                  from [01m[K/usr/include/c++/11/string:41[m[K,
[3.377s]                  from [01m[K/Adaptive_Behavior_Trees/ros_ws/src/bump_and_go/src/bump_and_go.cpp:1[m[K:
[3.377s] /usr/include/c++/11/ext/new_allocator.h: In instantiation of ‘[01m[Kvoid __gnu_cxx::new_allocator<_Tp>::construct(_Up*, _Args&& ...) [with _Up = BT::SequenceNode; _Args = {const char (&)[9], BT::NodeConfig&}; _Tp = BT::SequenceNode][m[K’:
[3.377s] [01m[K/usr/include/c++/11/bits/alloc_traits.h:516:17:[m[K   required from ‘[01m[Kstatic void std::allocator_traits<std::allocator<_CharT> >::construct(std::allocator_traits<std::allocator<_CharT> >::allocator_type&, _Up*, _Args&& ...) [with _Up = BT::SequenceNode; _Args = {const char (&)[9], BT::NodeConfig&}; _Tp = BT::SequenceNode; std::allocator_traits<std::allocator<_CharT> >::allocator_type = std::allocator<BT::SequenceNode>][m[K’
[3.377s] [01m[K/usr/include/c++/11/bits/shared_ptr_base.h:519:39:[m[K   required from ‘[01m[Kstd::_Sp_counted_ptr_inplace<_Tp, _Alloc, _Lp>::_Sp_counted_ptr_inplace(_Alloc, _Args&& ...) [with _Args = {const char (&)[9], BT::NodeConfig&}; _Tp = BT::SequenceNode; _Alloc = std::allocator<BT::SequenceNode>; __gnu_cxx::_Lock_policy _Lp = __gnu_cxx::_S_atomic][m[K’
[3.377s] [01m[K/usr/include/c++/11/bits/shared_ptr_base.h:650:16:[m[K   required from ‘[01m[Kstd::__shared_count<_Lp>::__shared_count(_Tp*&, std::_Sp_alloc_shared_tag<_Alloc>, _Args&& ...) [with _Tp = BT::SequenceNode; _Alloc = std::allocator<BT::SequenceNode>; _Args = {const char (&)[9], BT::NodeConfig&}; __gnu_cxx::_Lock_policy _Lp = __gnu_cxx::_S_atomic][m[K’
[3.377s] [01m[K/usr/include/c++/11/bits/shared_ptr_base.h:1342:14:[m[K   required from ‘[01m[Kstd::__shared_ptr<_Tp, _Lp>::__shared_ptr(std::_Sp_alloc_shared_tag<_Tp>, _Args&& ...) [with _Alloc = std::allocator<BT::SequenceNode>; _Args = {const char (&)[9], BT::NodeConfig&}; _Tp = BT::SequenceNode; __gnu_cxx::_Lock_policy _Lp = __gnu_cxx::_S_atomic][m[K’
[3.377s] [01m[K/usr/include/c++/11/bits/shared_ptr.h:409:59:[m[K   required from ‘[01m[Kstd::shared_ptr<_Tp>::shared_ptr(std::_Sp_alloc_shared_tag<_Tp>, _Args&& ...) [with _Alloc = std::allocator<BT::SequenceNode>; _Args = {const char (&)[9], BT::NodeConfig&}; _Tp = BT::SequenceNode][m[K’
[3.377s] [01m[K/usr/include/c++/11/bits/shared_ptr.h:862:14:[m[K   required from ‘[01m[Kstd::shared_ptr<_Tp> std::allocate_shared(const _Alloc&, _Args&& ...) [with _Tp = BT::SequenceNode; _Alloc = std::allocator<BT::SequenceNode>; _Args = {const char (&)[9], BT::NodeConfig&}][m[K’
[3.377s] [01m[K/usr/include/c++/11/bits/shared_ptr.h:878:39:[m[K   required from ‘[01m[Kstd::shared_ptr<_Tp> std::make_shared(_Args&& ...) [with _Tp = BT::SequenceNode; _Args = {const char (&)[9], BT::NodeConfig&}][m[K’
[3.377s] [01m[K/Adaptive_Behavior_Trees/ros_ws/src/bump_and_go/src/bump_and_go.cpp:38:55:[m[K   required from here
[3.377s] [01m[K/usr/include/c++/11/ext/new_allocator.h:162:11:[m[K [01;31m[Kerror: [m[Kno matching function for call to ‘[01m[KBT::SequenceNode::SequenceNode(const char [9], BT::NodeConfig&)[m[K’
[3.377s]   162 |         { [01;31m[K::new((void *)__p) _Up(std::forward<_Args>(__args)...)[m[K; }
[3.377s]       |           [01;31m[K^~~~~~~~~~~~~~~~~~~~~~~~~~~~~~~~~~~~~~~~~~~~~~~~~~~~~~[m[K
[3.377s] In file included from [01m[K/opt/ros/humble/include/behaviortree_cpp/behavior_tree.h:33[m[K,
[3.377s]                  from [01m[K/opt/ros/humble/include/behaviortree_cpp/bt_factory.h:17[m[K,
[3.377s]                  from [01m[K/Adaptive_Behavior_Trees/ros_ws/src/bump_and_go/src/bump_and_go.cpp:5[m[K:
[3.377s] [01m[K/opt/ros/humble/include/behaviortree_cpp/controls/sequence_node.h:37:3:[m[K [01;36m[Knote: [m[Kcandidate: ‘[01m[KBT::SequenceNode::SequenceNode(const string&, bool, const NodeConfiguration&)[m[K’
[3.377s]    37 |   [01;36m[KSequenceNode[m[K(const std::string& name, bool make_async = false,
[3.377s]       |   [01;36m[K^~~~~~~~~~~~[m[K
[3.377s] [01m[K/opt/ros/humble/include/behaviortree_cpp/controls/sequence_node.h:37:46:[m[K [01;36m[Knote: [m[K  no known conversion for argument 2 from ‘[01m[KBT::NodeConfig[m[K’ to ‘[01m[Kbool[m[K’
[3.377s]    37 |   SequenceNode(const std::string& name, [01;36m[Kbool make_async = false[m[K,
[3.377s]       |                                         [01;36m[K~~~~~^~~~~~~~~~~~~~~~~~[m[K
[3.534s] gmake[2]: *** [CMakeFiles/bumpgo.dir/build.make:76: CMakeFiles/bumpgo.dir/src/bump_and_go.cpp.o] Error 1
[3.534s] gmake[1]: *** [CMakeFiles/Makefile2:165: CMakeFiles/bumpgo.dir/all] Error 2
[3.534s] gmake[1]: *** Waiting for unfinished jobs....
[4.538s] [ 75%] [32m[1mLinking CXX shared library libbg_forward_node.so[0m
[4.732s] [ 75%] Built target bg_forward_node
[4.734s] gmake: *** [Makefile:146: all] Error 2
[4.736s] Invoked command in '/Adaptive_Behavior_Trees/ros_ws/build/bump_and_go' returned '2': CMAKE_PREFIX_PATH=${CMAKE_PREFIX_PATH}:/opt/ros/humble /usr/bin/cmake --build /Adaptive_Behavior_Trees/ros_ws/build/bump_and_go -- -j16 -l16
