[0.017s] Invoking command in '/Adaptive_Behavior_Trees/ros_ws/build/bump_and_go': CMAKE_PREFIX_PATH=${CMAKE_PREFIX_PATH}:/opt/ros/humble /usr/bin/cmake --build /Adaptive_Behavior_Trees/ros_ws/build/bump_and_go -- -j16 -l16
[0.097s] -- Found ament_cmake: 1.3.12 (/opt/ros/humble/share/ament_cmake/cmake)
[0.218s] -- Found rclcpp: 16.0.15 (/opt/ros/humble/share/rclcpp/cmake)
[0.271s] -- Found rosidl_generator_c: 3.1.7 (/opt/ros/humble/share/rosidl_generator_c/cmake)
[0.275s] -- Found rosidl_adapter: 3.1.7 (/opt/ros/humble/share/rosidl_adapter/cmake)
[0.284s] -- Found rosidl_generator_cpp: 3.1.7 (/opt/ros/humble/share/rosidl_generator_cpp/cmake)
[0.296s] -- Using all available rosidl_typesupport_c: rosidl_typesupport_fastrtps_c;rosidl_typesupport_introspection_c
[0.312s] -- Using all available rosidl_typesupport_cpp: rosidl_typesupport_fastrtps_cpp;rosidl_typesupport_introspection_cpp
[0.354s] -- Found rmw_implementation_cmake: 6.1.2 (/opt/ros/humble/share/rmw_implementation_cmake/cmake)
[0.357s] -- Found rmw_fastrtps_cpp: 6.2.8 (/opt/ros/humble/share/rmw_fastrtps_cpp/cmake)
[0.475s] -- Using RMW implementation 'rmw_fastrtps_cpp' as default
[0.535s] -- Found behaviortree_cpp: 4.9.0 (/opt/ros/humble/share/behaviortree_cpp/cmake)
[0.538s] -- Found sensor_msgs: 4.9.0 (/opt/ros/humble/share/sensor_msgs/cmake)
[0.568s] -- Found ament_lint_auto: 0.12.14 (/opt/ros/humble/share/ament_lint_auto/cmake)
[0.638s] -- Added test 'cppcheck' to perform static code analysis on C / C++ code
[0.638s] -- Configured cppcheck include dirs: $<BUILD_INTERFACE:/Adaptive_Behavior_Trees/ros_ws/src/bump_and_go/include>
[0.638s] -- Configured cppcheck exclude dirs and/or files: 
[0.639s] -- Added test 'lint_cmake' to check CMake code style
[0.640s] -- Added test 'uncrustify' to check C / C++ code style
[0.640s] -- Configured uncrustify additional arguments: 
[0.641s] -- Added test 'xmllint' to check XML markup files
[0.643s] -- Configuring done
[0.663s] -- Generating done
[0.668s] -- Build files have been written to: /Adaptive_Behavior_Trees/ros_ws/build/bump_and_go
[0.703s] [35m[1mConsolidate compiler generated dependencies of target bumpgo[0m
[0.703s] [35m[1mConsolidate compiler generated dependencies of target bg_forward_node[0m
[0.722s] [ 25%] [32mBuilding CXX object CMakeFiles/bg_forward_node.dir/src/ControlNodes/Forward.cpp.o[0m
[0.723s] [ 50%] [32mBuilding CXX object CMakeFiles/bumpgo.dir/src/bump_and_go.cpp.o[0m
[1.057s] [01m[K/Adaptive_Behavior_Trees/ros_ws/src/bump_and_go/src/bump_and_go.cpp:7:10:[m[K [01;31m[Kfatal error: [m[Kbehaviortree_cpp/control/sequence_node.h: No such file or directory
[1.058s]     7 | #include [01;31m[K"behaviortree_cpp/control/sequence_node.h"[m[K
[1.058s]       |          [01;31m[K^~~~~~~~~~~~~~~~~~~~~~~~~~~~~~~~~~~~~~~~~~[m[K
[1.058s] compilation terminated.
[1.063s] gmake[2]: *** [CMakeFiles/bumpgo.dir/build.make:76: CMakeFiles/bumpgo.dir/src/bump_and_go.cpp.o] Error 1
[1.063s] gmake[1]: *** [CMakeFiles/Makefile2:165: CMakeFiles/bumpgo.dir/all] Error 2
[1.063s] gmake[1]: *** Waiting for unfinished jobs....
[5.228s] [ 75%] [32m[1mLinking CXX shared library libbg_forward_node.so[0m
[5.427s] [ 75%] Built target bg_forward_node
[5.428s] gmake: *** [Makefile:146: all] Error 2
[5.431s] Invoked command in '/Adaptive_Behavior_Trees/ros_ws/build/bump_and_go' returned '2': CMAKE_PREFIX_PATH=${CMAKE_PREFIX_PATH}:/opt/ros/humble /usr/bin/cmake --build /Adaptive_Behavior_Trees/ros_ws/build/bump_and_go -- -j16 -l16
