[0.017s] Invoking command in '/Adaptive_Behavior_Trees/ros_ws/build/bump_and_go': CMAKE_PREFIX_PATH=${CMAKE_PREFIX_PATH}:/opt/ros/humble /usr/bin/cmake --build /Adaptive_Behavior_Trees/ros_ws/build/bump_and_go -- -j16 -l16
[0.101s] -- Found ament_cmake: 1.3.12 (/opt/ros/humble/share/ament_cmake/cmake)
[0.222s] -- Found rclcpp: 16.0.15 (/opt/ros/humble/share/rclcpp/cmake)
[0.274s] -- Found rosidl_generator_c: 3.1.7 (/opt/ros/humble/share/rosidl_generator_c/cmake)
[0.277s] -- Found rosidl_adapter: 3.1.7 (/opt/ros/humble/share/rosidl_adapter/cmake)
[0.286s] -- Found rosidl_generator_cpp: 3.1.7 (/opt/ros/humble/share/rosidl_generator_cpp/cmake)
[0.298s] -- Using all available rosidl_typesupport_c: rosidl_typesupport_fastrtps_c;rosidl_typesupport_introspection_c
[0.314s] -- Using all available rosidl_typesupport_cpp: rosidl_typesupport_fastrtps_cpp;rosidl_typesupport_introspection_cpp
[0.355s] -- Found rmw_implementation_cmake: 6.1.2 (/opt/ros/humble/share/rmw_implementation_cmake/cmake)
[0.358s] -- Found rmw_fastrtps_cpp: 6.2.8 (/opt/ros/humble/share/rmw_fastrtps_cpp/cmake)
[0.478s] -- Using RMW implementation 'rmw_fastrtps_cpp' as default
[0.537s] -- Found sensor_msgs: 4.9.0 (/opt/ros/humble/share/sensor_msgs/cmake)
[0.571s] -- Found ament_lint_auto: 0.12.14 (/opt/ros/humble/share/ament_lint_auto/cmake)
[0.631s] -- Added test 'cppcheck' to perform static code analysis on C / C++ code
[0.631s] -- Configured cppcheck include dirs: 
[0.631s] -- Configured cppcheck exclude dirs and/or files: 
[0.632s] -- Added test 'lint_cmake' to check CMake code style
[0.634s] -- Added test 'uncrustify' to check C / C++ code style
[0.634s] -- Configured uncrustify additional arguments: 
[0.635s] -- Added test 'xmllint' to check XML markup files
[0.637s] -- Configuring done
[0.653s] -- Generating done
[0.657s] -- Build files have been written to: /Adaptive_Behavior_Trees/ros_ws/build/bump_and_go
[0.695s] [ 50%] [32mBuilding CXX object CMakeFiles/bumpgo.dir/src/bump_and_go.cpp.o[0m
[2.792s] [01m[K/Adaptive_Behavior_Trees/ros_ws/src/bump_and_go/src/bump_and_go.cpp:[m[K In function ‘[01m[Kint main(int, char**)[m[K’:
[2.792s] [01m[K/Adaptive_Behavior_Trees/ros_ws/src/bump_and_go/src/bump_and_go.cpp:37:23:[m[K [01;31m[Kerror: [m[K‘[01m[Kclass BT::Tree[m[K’ has no member named ‘[01m[KtickOnce[m[K’
[2.792s]    37 |         finish = tree.[01;31m[KtickOnce[m[K() != BT::NodeStatus::RUNNING;
[2.793s]       |                       [01;31m[K^~~~~~~~[m[K
[3.178s] gmake[2]: *** [CMakeFiles/bumpgo.dir/build.make:76: CMakeFiles/bumpgo.dir/src/bump_and_go.cpp.o] Error 1
[3.178s] gmake[1]: *** [CMakeFiles/Makefile2:137: CMakeFiles/bumpgo.dir/all] Error 2
[3.179s] gmake: *** [Makefile:146: all] Error 2
[3.182s] Invoked command in '/Adaptive_Behavior_Trees/ros_ws/build/bump_and_go' returned '2': CMAKE_PREFIX_PATH=${CMAKE_PREFIX_PATH}:/opt/ros/humble /usr/bin/cmake --build /Adaptive_Behavior_Trees/ros_ws/build/bump_and_go -- -j16 -l16
