-- Found ament_cmake: 1.3.12 (/opt/ros/humble/share/ament_cmake/cmake)
-- Found ament_lint_auto: 0.12.14 (/opt/ros/humble/share/ament_lint_auto/cmake)
-- Added test 'lint_cmake' to check CMake code style
-- Added test 'xmllint' to check XML markup files
-- Configuring done
-- Generating done
-- Build files have been written to: /Adaptive_Behavior_Trees/ros_ws/build/bump_and_go
-- Install configuration: ""
-- Up-to-date: /Adaptive_Behavior_Trees/ros_ws/install/bump_and_go/share/ament_index/resource_index/package_run_dependencies/bump_and_go
-- Up-to-date: /Adaptive_Behavior_Trees/ros_ws/install/bump_and_go/share/ament_index/resource_index/parent_prefix_path/bump_and_go
-- Up-to-date: /Adaptive_Behavior_Trees/ros_ws/install/bump_and_go/share/bump_and_go/environment/ament_prefix_path.sh
-- Installing: /Adaptive_Behavior_Trees/ros_ws/install/bump_and_go/share/bump_and_go/environment/ament_prefix_path.dsv
-- Up-to-date: /Adaptive_Behavior_Trees/ros_ws/install/bump_and_go/share/bump_and_go/environment/path.sh
-- Installing: /Adaptive_Behavior_Trees/ros_ws/install/bump_and_go/share/bump_and_go/environment/path.dsv
-- Up-to-date: /Adaptive_Behavior_Trees/ros_ws/install/bump_and_go/share/bump_and_go/local_setup.bash
-- Up-to-date: /Adaptive_Behavior_Trees/ros_ws/install/bump_and_go/share/bump_and_go/local_setup.sh
-- Up-to-date: /Adaptive_Behavior_Trees/ros_ws/install/bump_and_go/share/bump_and_go/local_setup.zsh
-- Installing: /Adaptive_Behavior_Trees/ros_ws/install/bump_and_go/share/bump_and_go/local_setup.dsv
-- Installing: /Adaptive_Behavior_Trees/ros_ws/install/bump_and_go/share/bump_and_go/package.dsv
-- Up-to-date: /Adaptive_Behavior_Trees/ros_ws/install/bump_and_go/share/ament_index/resource_index/packages/bump_and_go
-- Up-to-date: /Adaptive_Behavior_Trees/ros_ws/install/bump_and_go/share/bump_and_go/cmake/bump_and_goConfig.cmake
-- Up-to-date: /Adaptive_Behavior_Trees/ros_ws/install/bump_and_go/share/bump_and_go/cmake/bump_and_goConfig-version.cmake
-- Up-to-date: /Adaptive_Behavior_Trees/ros_ws/install/bump_and_go/share/bump_and_go/package.xml
