[0.016s] Invoking command in '/Adaptive_Behavior_Trees/ros_ws/build/bump_and_go': CMAKE_PREFIX_PATH=/opt/ros/humble /usr/bin/cmake --build /Adaptive_Behavior_Trees/ros_ws/build/bump_and_go -- -j16 -l16
[0.093s] -- Found ament_cmake: 1.3.12 (/opt/ros/humble/share/ament_cmake/cmake)
[0.216s] -- Found ament_lint_auto: 0.12.14 (/opt/ros/humble/share/ament_lint_auto/cmake)
[0.275s] -- Added test 'lint_cmake' to check CMake code style
[0.276s] -- Added test 'xmllint' to check XML markup files
[0.278s] -- Configuring done
[0.286s] -- Generating done
[0.288s] -- Build files have been written to: /Adaptive_Behavior_Trees/ros_ws/build/bump_and_go
[0.311s] Invoked command in '/Adaptive_Behavior_Trees/ros_ws/build/bump_and_go' returned '0': CMAKE_PREFIX_PATH=/opt/ros/humble /usr/bin/cmake --build /Adaptive_Behavior_Trees/ros_ws/build/bump_and_go -- -j16 -l16
[0.319s] Invoking command in '/Adaptive_Behavior_Trees/ros_ws/build/bump_and_go': CMAKE_PREFIX_PATH=/opt/ros/humble /usr/bin/cmake --install /Adaptive_Behavior_Trees/ros_ws/build/bump_and_go
[0.325s] -- Install configuration: ""
[0.325s] -- Up-to-date: /Adaptive_Behavior_Trees/ros_ws/install/bump_and_go/share/ament_index/resource_index/package_run_dependencies/bump_and_go
[0.325s] -- Up-to-date: /Adaptive_Behavior_Trees/ros_ws/install/bump_and_go/share/ament_index/resource_index/parent_prefix_path/bump_and_go
[0.325s] -- Up-to-date: /Adaptive_Behavior_Trees/ros_ws/install/bump_and_go/share/bump_and_go/environment/ament_prefix_path.sh
[0.325s] -- Installing: /Adaptive_Behavior_Trees/ros_ws/install/bump_and_go/share/bump_and_go/environment/ament_prefix_path.dsv
[0.326s] -- Up-to-date: /Adaptive_Behavior_Trees/ros_ws/install/bump_and_go/share/bump_and_go/environment/path.sh
[0.327s] -- Installing: /Adaptive_Behavior_Trees/ros_ws/install/bump_and_go/share/bump_and_go/environment/path.dsv
[0.327s] -- Up-to-date: /Adaptive_Behavior_Trees/ros_ws/install/bump_and_go/share/bump_and_go/local_setup.bash
[0.327s] -- Up-to-date: /Adaptive_Behavior_Trees/ros_ws/install/bump_and_go/share/bump_and_go/local_setup.sh
[0.327s] -- Up-to-date: /Adaptive_Behavior_Trees/ros_ws/install/bump_and_go/share/bump_and_go/local_setup.zsh
[0.327s] -- Installing: /Adaptive_Behavior_Trees/ros_ws/install/bump_and_go/share/bump_and_go/local_setup.dsv
[0.328s] -- Installing: /Adaptive_Behavior_Trees/ros_ws/install/bump_and_go/share/bump_and_go/package.dsv
[0.328s] -- Up-to-date: /Adaptive_Behavior_Trees/ros_ws/install/bump_and_go/share/ament_index/resource_index/packages/bump_and_go
[0.328s] -- Up-to-date: /Adaptive_Behavior_Trees/ros_ws/install/bump_and_go/share/bump_and_go/cmake/bump_and_goConfig.cmake
[0.328s] -- Up-to-date: /Adaptive_Behavior_Trees/ros_ws/install/bump_and_go/share/bump_and_go/cmake/bump_and_goConfig-version.cmake
[0.328s] -- Up-to-date: /Adaptive_Behavior_Trees/ros_ws/install/bump_and_go/share/bump_and_go/package.xml
[0.330s] Invoked command in '/Adaptive_Behavior_Trees/ros_ws/build/bump_and_go' returned '0': CMAKE_PREFIX_PATH=/opt/ros/humble /usr/bin/cmake --install /Adaptive_Behavior_Trees/ros_ws/build/bump_and_go
