[0.018s] Invoking command in '/Adaptive_Behavior_Trees/ros_ws/build/bump_and_go': CMAKE_PREFIX_PATH=${CMAKE_PREFIX_PATH}:/opt/ros/humble /usr/bin/cmake --build /Adaptive_Behavior_Trees/ros_ws/build/bump_and_go -- -j16 -l16
[0.119s] [35m[1mConsolidate compiler generated dependencies of target bg_forward_node[0m
[0.133s] [ 25%] [32mBuilding CXX object CMakeFiles/bumpgo.dir/src/bump_and_go.cpp.o[0m
[0.138s] [ 50%] [32mBuilding CXX object CMakeFiles/bg_forward_node.dir/src/ControlNodes/Forward.cpp.o[0m
[2.733s] [01m[K/Adaptive_Behavior_Trees/ros_ws/src/bump_and_go/src/ControlNodes/Forward.cpp:[m[K In function ‘[01m[Kvoid BT_RegisterNodesFromPlugin(BT::BehaviorTreeFactory&)[m[K’:
[2.733s] [01m[K/Adaptive_Behavior_Trees/ros_ws/src/bump_and_go/src/ControlNodes/Forward.cpp:41:30:[m[K [01;31m[Kerror: [m[K‘[01m[Kbr2_bt_bumpgo[m[K’ was not declared in this scope
[2.733s]    41 |     factory.registerNodeType<[01;31m[Kbr2_bt_bumpgo[m[K::Forward>("Forward");
[2.733s]       |                              [01;31m[K^~~~~~~~~~~~~[m[K
[2.733s] [01m[K/Adaptive_Behavior_Trees/ros_ws/src/bump_and_go/src/ControlNodes/Forward.cpp:41:13:[m[K [01;31m[Kerror: [m[Kparse error in template argument list
[2.733s]    41 |     factory.[01;31m[KregisterNodeType<br2_bt_bumpgo::Forward>[m[K("Forward");
[2.733s]       |             [01;31m[K^~~~~~~~~~~~~~~~~~~~~~~~~~~~~~~~~~~~~~~~[m[K
[2.733s] [01m[K/Adaptive_Behavior_Trees/ros_ws/src/bump_and_go/src/ControlNodes/Forward.cpp:41:53:[m[K [01;31m[Kerror: [m[Kno matching function for call to ‘[01m[KBT::BehaviorTreeFactory::registerNodeType<<expression error> >(const char [8])[m[K’
[2.733s]    41 |     [01;31m[Kfactory.registerNodeType<br2_bt_bumpgo::Forward>("Forward")[m[K;
[2.733s]       |     [01;31m[K~~~~~~~~~~~~~~~~~~~~~~~~~~~~~~~~~~~~~~~~~~~~~~~~^~~~~~~~~~~[m[K
[2.733s] In file included from [01m[K/Adaptive_Behavior_Trees/ros_ws/src/bump_and_go/include/bump_and_go/Forward.hpp:7[m[K,
[2.733s]                  from [01m[K/Adaptive_Behavior_Trees/ros_ws/src/bump_and_go/src/ControlNodes/Forward.cpp:4[m[K:
[2.733s] [01m[K/opt/ros/humble/include/behaviortree_cpp/bt_factory.h:342:8:[m[K [01;36m[Knote: [m[Kcandidate: ‘[01m[Ktemplate<class T, class ... ExtraArgs> void BT::BehaviorTreeFactory::registerNodeType(const string&, const PortsList&, ExtraArgs ...)[m[K’
[2.733s]   342 |   void [01;36m[KregisterNodeType[m[K(const std::string& ID, const PortsList& ports, ExtraArgs... args)
[2.733s]       |        [01;36m[K^~~~~~~~~~~~~~~~[m[K
[2.733s] [01m[K/opt/ros/humble/include/behaviortree_cpp/bt_factory.h:342:8:[m[K [01;36m[Knote: [m[K  template argument deduction/substitution failed:
[2.733s] [01m[K/Adaptive_Behavior_Trees/ros_ws/src/bump_and_go/src/ControlNodes/Forward.cpp:41:53:[m[K [01;31m[Kerror: [m[Ktemplate argument 1 is invalid
[2.734s]    41 |     [01;31m[Kfactory.registerNodeType<br2_bt_bumpgo::Forward>("Forward")[m[K;
[2.734s]       |     [01;31m[K~~~~~~~~~~~~~~~~~~~~~~~~~~~~~~~~~~~~~~~~~~~~~~~~^~~~~~~~~~~[m[K
[2.734s] In file included from [01m[K/Adaptive_Behavior_Trees/ros_ws/src/bump_and_go/include/bump_and_go/Forward.hpp:7[m[K,
[2.734s]                  from [01m[K/Adaptive_Behavior_Trees/ros_ws/src/bump_and_go/src/ControlNodes/Forward.cpp:4[m[K:
[2.734s] [01m[K/opt/ros/humble/include/behaviortree_cpp/bt_factory.h:378:8:[m[K [01;36m[Knote: [m[Kcandidate: ‘[01m[Ktemplate<class T, class ... ExtraArgs> void BT::BehaviorTreeFactory::registerNodeType(const string&, ExtraArgs ...)[m[K’
[2.734s]   378 |   void [01;36m[KregisterNodeType[m[K(const std::string& ID, ExtraArgs... args)
[2.734s]       |        [01;36m[K^~~~~~~~~~~~~~~~[m[K
[2.734s] [01m[K/opt/ros/humble/include/behaviortree_cpp/bt_factory.h:378:8:[m[K [01;36m[Knote: [m[K  template argument deduction/substitution failed:
[2.734s] [01m[K/Adaptive_Behavior_Trees/ros_ws/src/bump_and_go/src/ControlNodes/Forward.cpp:41:53:[m[K [01;31m[Kerror: [m[Ktemplate argument 1 is invalid
[2.734s]    41 |     [01;31m[Kfactory.registerNodeType<br2_bt_bumpgo::Forward>("Forward")[m[K;
[2.734s]       |     [01;31m[K~~~~~~~~~~~~~~~~~~~~~~~~~~~~~~~~~~~~~~~~~~~~~~~~^~~~~~~~~~~[m[K
[3.822s] gmake[2]: *** [CMakeFiles/bg_forward_node.dir/build.make:76: CMakeFiles/bg_forward_node.dir/src/ControlNodes/Forward.cpp.o] Error 1
[3.822s] gmake[1]: *** [CMakeFiles/Makefile2:139: CMakeFiles/bg_forward_node.dir/all] Error 2
[3.822s] gmake[1]: *** Waiting for unfinished jobs....
[3.894s] [ 75%] [32m[1mLinking CXX executable bumpgo[0m
[4.074s] [ 75%] Built target bumpgo
[4.075s] gmake: *** [Makefile:146: all] Error 2
[4.078s] Invoked command in '/Adaptive_Behavior_Trees/ros_ws/build/bump_and_go' returned '2': CMAKE_PREFIX_PATH=${CMAKE_PREFIX_PATH}:/opt/ros/humble /usr/bin/cmake --build /Adaptive_Behavior_Trees/ros_ws/build/bump_and_go -- -j16 -l16
