[0.011s] Invoking command in '/Adaptive_Behavior_Trees/ros_ws/build/bump_and_go': CMAKE_PREFIX_PATH=${CMAKE_PREFIX_PATH}:/opt/ros/humble /usr/bin/cmake --build /Adaptive_Behavior_Trees/ros_ws/build/bump_and_go -- -j16 -l16
[0.032s] -- Found ament_cmake: 1.3.12 (/opt/ros/humble/share/ament_cmake/cmake)
[0.123s] -- Found ament_lint_auto: 0.12.14 (/opt/ros/humble/share/ament_lint_auto/cmake)
[0.169s] -- Added test 'lint_cmake' to check CMake code style
[0.170s] -- Added test 'xmllint' to check XML markup files
[0.171s] -- Configuring done
[0.174s] -- Generating done
[0.175s] -- Build files have been written to: /Adaptive_Behavior_Trees/ros_ws/build/bump_and_go
[0.194s] Invoked command in '/Adaptive_Behavior_Trees/ros_ws/build/bump_and_go' returned '0': CMAKE_PREFIX_PATH=${CMAKE_PREFIX_PATH}:/opt/ros/humble /usr/bin/cmake --build /Adaptive_Behavior_Trees/ros_ws/build/bump_and_go -- -j16 -l16
[0.203s] Invoking command in '/Adaptive_Behavior_Trees/ros_ws/build/bump_and_go': CMAKE_PREFIX_PATH=${CMAKE_PREFIX_PATH}:/opt/ros/humble /usr/bin/cmake --install /Adaptive_Behavior_Trees/ros_ws/build/bump_and_go
[0.208s] -- Install configuration: ""
[0.208s] -- Installing: /Adaptive_Behavior_Trees/ros_ws/install/bump_and_go/share/ament_index/resource_index/package_run_dependencies/bump_and_go
[0.209s] -- Installing: /Adaptive_Behavior_Trees/ros_ws/install/bump_and_go/share/ament_index/resource_index/parent_prefix_path/bump_and_go
[0.209s] -- Up-to-date: /Adaptive_Behavior_Trees/ros_ws/install/bump_and_go/share/bump_and_go/environment/ament_prefix_path.sh
[0.209s] -- Installing: /Adaptive_Behavior_Trees/ros_ws/install/bump_and_go/share/bump_and_go/environment/ament_prefix_path.dsv
[0.209s] -- Up-to-date: /Adaptive_Behavior_Trees/ros_ws/install/bump_and_go/share/bump_and_go/environment/path.sh
[0.209s] -- Installing: /Adaptive_Behavior_Trees/ros_ws/install/bump_and_go/share/bump_and_go/environment/path.dsv
[0.209s] -- Up-to-date: /Adaptive_Behavior_Trees/ros_ws/install/bump_and_go/share/bump_and_go/local_setup.bash
[0.210s] -- Up-to-date: /Adaptive_Behavior_Trees/ros_ws/install/bump_and_go/share/bump_and_go/local_setup.sh
[0.210s] -- Up-to-date: /Adaptive_Behavior_Trees/ros_ws/install/bump_and_go/share/bump_and_go/local_setup.zsh
[0.210s] -- Installing: /Adaptive_Behavior_Trees/ros_ws/install/bump_and_go/share/bump_and_go/local_setup.dsv
[0.210s] -- Installing: /Adaptive_Behavior_Trees/ros_ws/install/bump_and_go/share/bump_and_go/package.dsv
[0.210s] -- Up-to-date: /Adaptive_Behavior_Trees/ros_ws/install/bump_and_go/share/ament_index/resource_index/packages/bump_and_go
[0.210s] -- Up-to-date: /Adaptive_Behavior_Trees/ros_ws/install/bump_and_go/share/bump_and_go/cmake/bump_and_goConfig.cmake
[0.210s] -- Up-to-date: /Adaptive_Behavior_Trees/ros_ws/install/bump_and_go/share/bump_and_go/cmake/bump_and_goConfig-version.cmake
[0.210s] -- Installing: /Adaptive_Behavior_Trees/ros_ws/install/bump_and_go/share/bump_and_go/package.xml
[0.212s] Invoked command in '/Adaptive_Behavior_Trees/ros_ws/build/bump_and_go' returned '0': CMAKE_PREFIX_PATH=${CMAKE_PREFIX_PATH}:/opt/ros/humble /usr/bin/cmake --install /Adaptive_Behavior_Trees/ros_ws/build/bump_and_go
